#
# There is insufficient memory for the Java Runtime Environment to continue.
# Native memory allocation (malloc) failed to allocate 2052816 bytes for Chunk::new
# Possible reasons:
#   The system is out of physical RAM or swap space
#   The process is running with CompressedOops enabled, and the Java Heap may be blocking the growth of the native heap
# Possible solutions:
#   Reduce memory load on the system
#   Increase physical memory or swap space
#   Check if swap backing store is full
#   Decrease Java heap size (-Xmx/-Xms)
#   Decrease number of Java threads
#   Decrease Java thread stack sizes (-Xss)
#   Set larger code cache with -XX:ReservedCodeCacheSize=
#   JVM is running with Unscaled Compressed Oops mode in which the Java heap is
#     placed in the first 4GB address space. The Java Heap base address is the
#     maximum limit for the native heap growth. Please use -XX:HeapBaseMinAddress
#     to set the Java Heap base and to place the Java Heap above 4GB virtual address.
# This output file may be truncated or incomplete.
#
#  Out of Memory Error (allocation.cpp:389), pid=76, tid=0x00000000000028dc
#
# JRE version: Java(TM) SE Runtime Environment (8.0_211-b12) (build 1.8.0_211-b12)
# Java VM: Java HotSpot(TM) 64-Bit Server VM (25.211-b12 mixed mode windows-amd64 compressed oops)
# Failed to write core dump. Minidumps are not enabled by default on client versions of Windows
#

---------------  T H R E A D  ---------------

Current thread (0x0000000016246000):  JavaThread "C2 CompilerThread1" daemon [_thread_in_native, id=10460, stack(0x00000000179b0000,0x0000000017ab0000)]

Stack: [0x00000000179b0000,0x0000000017ab0000]
[error occurred during error reporting (printing stack bounds), id 0xc0000005]

Native frames: (J=compiled Java code, j=interpreted, Vv=VM code, C=native code)


Current CompileTask:
C2:   3016 3300   !   4       java.net.URLClassLoader$1::run (63 bytes)


---------------  P R O C E S S  ---------------

Java Threads: ( => current thread )
  0x000000001629d800 JavaThread "Service Thread" daemon [_thread_blocked, id=1736, stack(0x0000000017fb0000,0x00000000180b0000)]
  0x0000000016255800 JavaThread "C1 CompilerThread2" daemon [_thread_blocked, id=7840, stack(0x0000000017ab0000,0x0000000017bb0000)]
=>0x0000000016246000 JavaThread "C2 CompilerThread1" daemon [_thread_in_native, id=10460, stack(0x00000000179b0000,0x0000000017ab0000)]
  0x0000000016243000 JavaThread "C2 CompilerThread0" daemon [_thread_in_native, id=6868, stack(0x00000000178b0000,0x00000000179b0000)]
  0x000000001623f000 JavaThread "Attach Listener" daemon [_thread_blocked, id=1092, stack(0x00000000177b0000,0x00000000178b0000)]
  0x000000001623e000 JavaThread "Signal Dispatcher" daemon [_thread_blocked, id=8876, stack(0x00000000176b0000,0x00000000177b0000)]
  0x0000000002a6d000 JavaThread "Finalizer" daemon [_thread_blocked, id=11720, stack(0x00000000174a0000,0x00000000175a0000)]
  0x000000001622a000 JavaThread "Reference Handler" daemon [_thread_blocked, id=5452, stack(0x00000000173a0000,0x00000000174a0000)]
  0x0000000000f5e800 JavaThread "main" [_thread_in_vm, id=9776, stack(0x0000000002870000,0x0000000002970000)]

Other Threads:
  0x0000000016209000 VMThread [stack: 0x00000000172a0000,0x00000000173a0000] [id=3884]
  0x000000001629e800 WatcherThread [stack: 0x00000000180b0000,0x00000000181b0000] [id=7748]

VM state:not at safepoint (normal execution)

VM Mutex/Monitor currently owned by a thread: None

heap address: 0x00000000a2e00000, size: 1490 MB, Compressed Oops mode: 32-bit
Narrow klass base: 0x0000000000000000, Narrow klass shift: 3
Compressed class space size: 1073741824 Address: 0x0000000100000000

Heap:
 PSYoungGen      total 52736K, used 38472K [0x00000000e0f80000, 0x00000000e4680000, 0x0000000100000000)
  eden space 49152K, 78% used [0x00000000e0f80000,0x00000000e35121b8,0x00000000e3f80000)
  from space 3584K, 0% used [0x00000000e4300000,0x00000000e4300000,0x00000000e4680000)
  to   space 3584K, 0% used [0x00000000e3f80000,0x00000000e3f80000,0x00000000e4300000)
 ParOldGen       total 65024K, used 21323K [0x00000000a2e00000, 0x00000000a6d80000, 0x00000000e0f80000)
  object space 65024K, 32% used [0x00000000a2e00000,0x00000000a42d2ef8,0x00000000a6d80000)
 Metaspace       used 21330K, capacity 21826K, committed 22192K, reserved 1069056K
  class space    used 2562K, capacity 2713K, committed 2816K, reserved 1048576K

Card table byte_map: [0x0000000011e30000,0x0000000012120000] byte_map_base: 0x0000000011919000

Marking Bits: (ParMarkBitMap*) 0x0000000076d55ce0
 Begin Bits: [0x0000000012720000, 0x0000000013e68000)
 End Bits:   [0x0000000013e68000, 0x00000000155b0000)

Polling page: 0x0000000000e90000

CodeCache: size=245760Kb used=10742Kb max_used=10742Kb free=235017Kb
 bounds [0x0000000002a70000, 0x0000000003500000, 0x0000000011a70000]
 total_blobs=3755 nmethods=3354 adapters=313
 compilation: enabled

Compilation events (10 events):
Event: 3.005 Thread 0x0000000016255800 3366       3       java.util.AbstractSequentialList::<init> (5 bytes)
Event: 3.006 Thread 0x0000000016255800 nmethod 3366 0x00000000034f10d0 code [0x00000000034f1240, 0x00000000034f14b0]
Event: 3.006 Thread 0x0000000016255800 3367       3       java.util.jar.JarFile::match (116 bytes)
Event: 3.007 Thread 0x0000000016255800 nmethod 3367 0x00000000034f15d0 code [0x00000000034f1760, 0x00000000034f1c30]
Event: 3.008 Thread 0x0000000016255800 3368       1       sun.misc.URLClassPath::access$200 (5 bytes)
Event: 3.008 Thread 0x0000000016255800 nmethod 3368 0x00000000034f1fd0 code [0x00000000034f2120, 0x00000000034f2210]
Event: 3.008 Thread 0x0000000016255800 3369       1       sun.misc.URLClassPath::access$300 (5 bytes)
Event: 3.008 Thread 0x0000000016255800 nmethod 3369 0x00000000034f2290 code [0x00000000034f23e0, 0x00000000034f24d0]
Event: 3.011 Thread 0x0000000016255800 3370       3       sun.misc.URLClassPath$JarLoader::isOptimizable (10 bytes)
Event: 3.011 Thread 0x0000000016255800 nmethod 3370 0x00000000034f2550 code [0x00000000034f26c0, 0x00000000034f2968]

GC Heap History (10 events):
Event: 1.724 GC heap before
{Heap before GC invocations=5 (full 0):
 PSYoungGen      total 52736K, used 52720K [0x00000000e0f80000, 0x00000000e4680000, 0x0000000100000000)
  eden space 49152K, 100% used [0x00000000e0f80000,0x00000000e3f80000,0x00000000e3f80000)
  from space 3584K, 99% used [0x00000000e4300000,0x00000000e467c030,0x00000000e4680000)
  to   space 3584K, 0% used [0x00000000e3f80000,0x00000000e3f80000,0x00000000e4300000)
 ParOldGen       total 64512K, used 7772K [0x00000000a2e00000, 0x00000000a6d00000, 0x00000000e0f80000)
  object space 64512K, 12% used [0x00000000a2e00000,0x00000000a3597178,0x00000000a6d00000)
 Metaspace       used 15510K, capacity 15738K, committed 16128K, reserved 1062912K
  class space    used 1863K, capacity 1945K, committed 2048K, reserved 1048576K
Event: 1.736 GC heap after
Heap after GC invocations=5 (full 0):
 PSYoungGen      total 52736K, used 3568K [0x00000000e0f80000, 0x00000000e4680000, 0x0000000100000000)
  eden space 49152K, 0% used [0x00000000e0f80000,0x00000000e0f80000,0x00000000e3f80000)
  from space 3584K, 99% used [0x00000000e3f80000,0x00000000e42fc010,0x00000000e4300000)
  to   space 3584K, 0% used [0x00000000e4300000,0x00000000e4300000,0x00000000e4680000)
 ParOldGen       total 64512K, used 14007K [0x00000000a2e00000, 0x00000000a6d00000, 0x00000000e0f80000)
  object space 64512K, 21% used [0x00000000a2e00000,0x00000000a3badf30,0x00000000a6d00000)
 Metaspace       used 15510K, capacity 15738K, committed 16128K, reserved 1062912K
  class space    used 1863K, capacity 1945K, committed 2048K, reserved 1048576K
}
Event: 2.006 GC heap before
{Heap before GC invocations=6 (full 0):
 PSYoungGen      total 52736K, used 52720K [0x00000000e0f80000, 0x00000000e4680000, 0x0000000100000000)
  eden space 49152K, 100% used [0x00000000e0f80000,0x00000000e3f80000,0x00000000e3f80000)
  from space 3584K, 99% used [0x00000000e3f80000,0x00000000e42fc010,0x00000000e4300000)
  to   space 3584K, 0% used [0x00000000e4300000,0x00000000e4300000,0x00000000e4680000)
 ParOldGen       total 64512K, used 14007K [0x00000000a2e00000, 0x00000000a6d00000, 0x00000000e0f80000)
  object space 64512K, 21% used [0x00000000a2e00000,0x00000000a3badf30,0x00000000a6d00000)
 Metaspace       used 15776K, capacity 16050K, committed 16384K, reserved 1062912K
  class space    used 1876K, capacity 1981K, committed 2048K, reserved 1048576K
Event: 2.022 GC heap after
Heap after GC invocations=6 (full 0):
 PSYoungGen      total 52736K, used 3584K [0x00000000e0f80000, 0x00000000e4680000, 0x0000000100000000)
  eden space 49152K, 0% used [0x00000000e0f80000,0x00000000e0f80000,0x00000000e3f80000)
  from space 3584K, 100% used [0x00000000e4300000,0x00000000e4680000,0x00000000e4680000)
  to   space 3584K, 0% used [0x00000000e3f80000,0x00000000e3f80000,0x00000000e4300000)
 ParOldGen       total 64512K, used 18945K [0x00000000a2e00000, 0x00000000a6d00000, 0x00000000e0f80000)
  object space 64512K, 29% used [0x00000000a2e00000,0x00000000a40806a8,0x00000000a6d00000)
 Metaspace       used 15776K, capacity 16050K, committed 16384K, reserved 1062912K
  class space    used 1876K, capacity 1981K, committed 2048K, reserved 1048576K
}
Event: 2.376 GC heap before
{Heap before GC invocations=7 (full 0):
 PSYoungGen      total 52736K, used 52736K [0x00000000e0f80000, 0x00000000e4680000, 0x0000000100000000)
  eden space 49152K, 100% used [0x00000000e0f80000,0x00000000e3f80000,0x00000000e3f80000)
  from space 3584K, 100% used [0x00000000e4300000,0x00000000e4680000,0x00000000e4680000)
  to   space 3584K, 0% used [0x00000000e3f80000,0x00000000e3f80000,0x00000000e4300000)
 ParOldGen       total 64512K, used 18945K [0x00000000a2e00000, 0x00000000a6d00000, 0x00000000e0f80000)
  object space 64512K, 29% used [0x00000000a2e00000,0x00000000a40806a8,0x00000000a6d00000)
 Metaspace       used 16612K, capacity 16956K, committed 17280K, reserved 1064960K
  class space    used 1952K, capacity 2088K, committed 2176K, reserved 1048576K
Event: 2.393 GC heap after
Heap after GC invocations=7 (full 0):
 PSYoungGen      total 52736K, used 3568K [0x00000000e0f80000, 0x00000000e4680000, 0x0000000100000000)
  eden space 49152K, 0% used [0x00000000e0f80000,0x00000000e0f80000,0x00000000e3f80000)
  from space 3584K, 99% used [0x00000000e3f80000,0x00000000e42fc010,0x00000000e4300000)
  to   space 3584K, 0% used [0x00000000e4300000,0x00000000e4300000,0x00000000e4680000)
 ParOldGen       total 64512K, used 23077K [0x00000000a2e00000, 0x00000000a6d00000, 0x00000000e0f80000)
  object space 64512K, 35% used [0x00000000a2e00000,0x00000000a4489420,0x00000000a6d00000)
 Metaspace       used 16612K, capacity 16956K, committed 17280K, reserved 1064960K
  class space    used 1952K, capacity 2088K, committed 2176K, reserved 1048576K
}
Event: 2.789 GC heap before
{Heap before GC invocations=8 (full 0):
 PSYoungGen      total 52736K, used 39084K [0x00000000e0f80000, 0x00000000e4680000, 0x0000000100000000)
  eden space 49152K, 72% used [0x00000000e0f80000,0x00000000e322f320,0x00000000e3f80000)
  from space 3584K, 99% used [0x00000000e3f80000,0x00000000e42fc010,0x00000000e4300000)
  to   space 3584K, 0% used [0x00000000e4300000,0x00000000e4300000,0x00000000e4680000)
 ParOldGen       total 64512K, used 23077K [0x00000000a2e00000, 0x00000000a6d00000, 0x00000000e0f80000)
  object space 64512K, 35% used [0x00000000a2e00000,0x00000000a4489420,0x00000000a6d00000)
 Metaspace       used 20640K, capacity 21090K, committed 21296K, reserved 1069056K
  class space    used 2487K, capacity 2617K, committed 2688K, reserved 1048576K
Event: 2.798 GC heap after
Heap after GC invocations=8 (full 0):
 PSYoungGen      total 52736K, used 3556K [0x00000000e0f80000, 0x00000000e4680000, 0x0000000100000000)
  eden space 49152K, 0% used [0x00000000e0f80000,0x00000000e0f80000,0x00000000e3f80000)
  from space 3584K, 99% used [0x00000000e4300000,0x00000000e46791c0,0x00000000e4680000)
  to   space 3584K, 0% used [0x00000000e3f80000,0x00000000e3f80000,0x00000000e4300000)
 ParOldGen       total 64512K, used 26130K [0x00000000a2e00000, 0x00000000a6d00000, 0x00000000e0f80000)
  object space 64512K, 40% used [0x00000000a2e00000,0x00000000a4784b18,0x00000000a6d00000)
 Metaspace       used 20640K, capacity 21090K, committed 21296K, reserved 1069056K
  class space    used 2487K, capacity 2617K, committed 2688K, reserved 1048576K
}
Event: 2.798 GC heap before
{Heap before GC invocations=9 (full 1):
 PSYoungGen      total 52736K, used 3556K [0x00000000e0f80000, 0x00000000e4680000, 0x0000000100000000)
  eden space 49152K, 0% used [0x00000000e0f80000,0x00000000e0f80000,0x00000000e3f80000)
  from space 3584K, 99% used [0x00000000e4300000,0x00000000e46791c0,0x00000000e4680000)
  to   space 3584K, 0% used [0x00000000e3f80000,0x00000000e3f80000,0x00000000e4300000)
 ParOldGen       total 64512K, used 26130K [0x00000000a2e00000, 0x00000000a6d00000, 0x00000000e0f80000)
  object space 64512K, 40% used [0x00000000a2e00000,0x00000000a4784b18,0x00000000a6d00000)
 Metaspace       used 20640K, capacity 21090K, committed 21296K, reserved 1069056K
  class space    used 2487K, capacity 2617K, committed 2688K, reserved 1048576K
Event: 2.887 GC heap after
Heap after GC invocations=9 (full 1):
 PSYoungGen      total 52736K, used 0K [0x00000000e0f80000, 0x00000000e4680000, 0x0000000100000000)
  eden space 49152K, 0% used [0x00000000e0f80000,0x00000000e0f80000,0x00000000e3f80000)
  from space 3584K, 0% used [0x00000000e4300000,0x00000000e4300000,0x00000000e4680000)
  to   space 3584K, 0% used [0x00000000e3f80000,0x00000000e3f80000,0x00000000e4300000)
 ParOldGen       total 65024K, used 21323K [0x00000000a2e00000, 0x00000000a6d80000, 0x00000000e0f80000)
  object space 65024K, 32% used [0x00000000a2e00000,0x00000000a42d2ef8,0x00000000a6d80000)
 Metaspace       used 20640K, capacity 21090K, committed 21296K, reserved 1069056K
  class space    used 2487K, capacity 2617K, committed 2688K, reserved 1048576K
}

Deoptimization events (10 events):
Event: 2.475 Thread 0x0000000000f5e800 Uncommon trap: reason=bimorphic action=maybe_recompile pc=0x000000000305fee0 method=java.util.concurrent.ConcurrentHashMap.get(Ljava/lang/Object;)Ljava/lang/Object; @ 149
Event: 2.478 Thread 0x0000000000f5e800 Uncommon trap: reason=bimorphic action=maybe_recompile pc=0x000000000305fee0 method=java.util.concurrent.ConcurrentHashMap.get(Ljava/lang/Object;)Ljava/lang/Object; @ 149
Event: 2.480 Thread 0x0000000000f5e800 Uncommon trap: reason=bimorphic action=maybe_recompile pc=0x000000000305fee0 method=java.util.concurrent.ConcurrentHashMap.get(Ljava/lang/Object;)Ljava/lang/Object; @ 149
Event: 2.567 Thread 0x0000000000f5e800 Uncommon trap: reason=unstable_if action=reinterpret pc=0x00000000031f7c88 method=org.eclipse.sisu.plexus.RealmFilteredBeans$FilteredItr.hasNext()Z @ 44
Event: 2.567 Thread 0x0000000000f5e800 Uncommon trap: reason=unstable_if action=reinterpret pc=0x000000000324c550 method=org.eclipse.sisu.plexus.RealmFilteredBeans$FilteredItr.hasNext()Z @ 44
Event: 2.611 Thread 0x0000000000f5e800 Uncommon trap: reason=bimorphic action=maybe_recompile pc=0x00000000030559d0 method=java.util.regex.Pattern$CharProperty.match(Ljava/util/regex/Matcher;ILjava/lang/CharSequence;)Z @ 37
Event: 2.615 Thread 0x0000000000f5e800 Uncommon trap: reason=unstable_if action=reinterpret pc=0x000000000349466c method=com.google.inject.internal.InjectorImpl.callInContext(Lcom/google/inject/internal/ContextualCallable;)Ljava/lang/Object; @ 161
Event: 2.616 Thread 0x0000000000f5e800 Uncommon trap: reason=unstable_if action=reinterpret pc=0x00000000034b780c method=com.google.inject.internal.InjectorImpl.callInContext(Lcom/google/inject/internal/ContextualCallable;)Ljava/lang/Object; @ 161
Event: 3.006 Thread 0x0000000000f5e800 Uncommon trap: reason=unstable_if action=reinterpret pc=0x0000000002c8a550 method=java.util.HashMap.putVal(ILjava/lang/Object;Ljava/lang/Object;ZZ)Ljava/lang/Object; @ 193
Event: 3.006 Thread 0x0000000000f5e800 Uncommon trap: reason=unstable_if action=reinterpret pc=0x0000000002cb9e40 method=sun.misc.URLClassPath$JarLoader.getResource(Ljava/lang/String;Z)Lsun/misc/Resource; @ 62

Classes redefined (0 events):
No events

Internal exceptions (10 events):
Event: 1.238 Thread 0x0000000000f5e800 Implicit null exception at 0x0000000002ce9056 to 0x0000000002ce93f1
Event: 1.238 Thread 0x0000000000f5e800 Implicit null exception at 0x0000000002c52b96 to 0x0000000002c52f2d
Event: 1.359 Thread 0x0000000000f5e800 Implicit null exception at 0x0000000003076415 to 0x00000000030776a9
Event: 1.658 Thread 0x0000000000f5e800 Implicit null exception at 0x0000000002e55515 to 0x0000000002e556e5
Event: 1.658 Thread 0x0000000000f5e800 Implicit null exception at 0x0000000002f74c6f to 0x0000000002f74cd9
Event: 1.711 Thread 0x0000000000f5e800 Implicit null exception at 0x000000000322be5e to 0x000000000322d185
Event: 2.043 Thread 0x0000000000f5e800 Implicit null exception at 0x00000000032f63c9 to 0x00000000032f7b95
Event: 2.615 Thread 0x0000000000f5e800 Implicit null exception at 0x000000000349244a to 0x0000000003494655
Event: 2.616 Thread 0x0000000000f5e800 Implicit null exception at 0x00000000034b5abe to 0x00000000034b7801
Event: 2.646 Thread 0x0000000000f5e800 Exception <a 'java/lang/ClassNotFoundException': com/sun/tools/javac/api/JavacTool> (0x00000000e281d3b8) thrown at [C:\re\workspace\8-2-build-windows-amd64-cygwin\jdk8u211\12973\hotspot\src\share\vm\classfile\systemDictionary.cpp, line 210]

Events (10 events):
Event: 2.993 loading class com/sun/tools/javac/processing/JavacProcessingEnvironment$DiscoveredProcessors
Event: 2.994 loading class com/sun/tools/javac/processing/JavacProcessingEnvironment$DiscoveredProcessors done
Event: 2.994 loading class com/sun/tools/javac/processing/JavacProcessingEnvironment$DiscoveredProcessors$ProcessorStateIterator
Event: 2.994 loading class com/sun/tools/javac/processing/JavacProcessingEnvironment$DiscoveredProcessors$ProcessorStateIterator done
Event: 3.006 Thread 0x0000000000f5e800 Uncommon trap: trap_request=0xffffff65 fr.pc=0x0000000002c8a550
Event: 3.006 Thread 0x0000000000f5e800 DEOPT PACKING pc=0x0000000002c8a550 sp=0x000000000296cc10
Event: 3.006 Thread 0x0000000000f5e800 DEOPT UNPACKING pc=0x0000000002ab583b sp=0x000000000296cad0 mode 2
Event: 3.006 Thread 0x0000000000f5e800 Uncommon trap: trap_request=0xffffff65 fr.pc=0x0000000002cb9e40
Event: 3.006 Thread 0x0000000000f5e800 DEOPT PACKING pc=0x0000000002cb9e40 sp=0x000000000296cc50
Event: 3.006 Thread 0x0000000000f5e800 DEOPT UNPACKING pc=0x0000000002ab583b sp=0x000000000296cc60 mode 2


Dynamic libraries:
0x00007ff7a7d40000 - 0x00007ff7a7d77000 	C:\Program Files\Java\jdk1.8.0_211\bin\javaw.exe
0x00007ffd32ef0000 - 0x00007ffd330d1000 	C:\WINDOWS\SYSTEM32\ntdll.dll
0x00007ffd32650000 - 0x00007ffd32701000 	C:\WINDOWS\System32\KERNEL32.DLL
0x00007ffd2fba0000 - 0x00007ffd2fe13000 	C:\WINDOWS\System32\KERNELBASE.dll
0x00007ffd328e0000 - 0x00007ffd32981000 	C:\WINDOWS\System32\ADVAPI32.dll
0x00007ffd319e0000 - 0x00007ffd31a7e000 	C:\WINDOWS\System32\msvcrt.dll
0x00007ffd32410000 - 0x00007ffd3246b000 	C:\WINDOWS\System32\sechost.dll
0x00007ffd318b0000 - 0x00007ffd319d4000 	C:\WINDOWS\System32\RPCRT4.dll
0x00007ffd32c80000 - 0x00007ffd32e11000 	C:\WINDOWS\System32\USER32.dll
0x00007ffd2fe20000 - 0x00007ffd2fe40000 	C:\WINDOWS\System32\win32u.dll
0x00007ffd327c0000 - 0x00007ffd327e8000 	C:\WINDOWS\System32\GDI32.dll
0x00007ffd2fa00000 - 0x00007ffd2fb91000 	C:\WINDOWS\System32\gdi32full.dll
0x00007ffd2fea0000 - 0x00007ffd2ff3f000 	C:\WINDOWS\System32\msvcp_win.dll
0x00007ffd301b0000 - 0x00007ffd302a8000 	C:\WINDOWS\System32\ucrtbase.dll
0x00007ffd1e380000 - 0x00007ffd1e5e9000 	C:\WINDOWS\WinSxS\amd64_microsoft.windows.common-controls_6595b64144ccf1df_6.0.17134.1184_none_d403e8b37c8ca406\COMCTL32.dll
0x00007ffd320e0000 - 0x00007ffd32401000 	C:\WINDOWS\System32\combase.dll
0x00007ffd2ff40000 - 0x00007ffd2ffb9000 	C:\WINDOWS\System32\bcryptPrimitives.dll
0x00007ffd329f0000 - 0x00007ffd32a1d000 	C:\WINDOWS\System32\IMM32.DLL
0x0000000076450000 - 0x0000000076522000 	C:\Program Files\Java\jdk1.8.0_211\jre\bin\msvcr100.dll
0x0000000076530000 - 0x0000000076dd5000 	C:\Program Files\Java\jdk1.8.0_211\jre\bin\server\jvm.dll
0x00007ffd30430000 - 0x00007ffd30438000 	C:\WINDOWS\System32\PSAPI.DLL
0x00007ffd217f0000 - 0x00007ffd217f9000 	C:\WINDOWS\SYSTEM32\WSOCK32.dll
0x00007ffd32070000 - 0x00007ffd320dc000 	C:\WINDOWS\System32\WS2_32.dll
0x00007ffd2b8f0000 - 0x00007ffd2b8fa000 	C:\WINDOWS\SYSTEM32\VERSION.dll
0x00007ffd2d060000 - 0x00007ffd2d083000 	C:\WINDOWS\SYSTEM32\WINMM.dll
0x00007ffd2d000000 - 0x00007ffd2d02a000 	C:\WINDOWS\SYSTEM32\WINMMBASE.dll
0x00007ffd2f9b0000 - 0x00007ffd2f9f9000 	C:\WINDOWS\System32\cfgmgr32.dll
0x00007ffd20d70000 - 0x00007ffd20d7f000 	C:\Program Files\Java\jdk1.8.0_211\jre\bin\verify.dll
0x00007ffd0c420000 - 0x00007ffd0c449000 	C:\Program Files\Java\jdk1.8.0_211\jre\bin\java.dll
0x00007ffd142b0000 - 0x00007ffd142c6000 	C:\Program Files\Java\jdk1.8.0_211\jre\bin\zip.dll
0x00007ffd30440000 - 0x00007ffd31885000 	C:\WINDOWS\System32\SHELL32.dll
0x00007ffd32710000 - 0x00007ffd327b9000 	C:\WINDOWS\System32\shcore.dll
0x00007ffd2f2a0000 - 0x00007ffd2f9b0000 	C:\WINDOWS\System32\windows.storage.dll
0x00007ffd32c20000 - 0x00007ffd32c71000 	C:\WINDOWS\System32\shlwapi.dll
0x00007ffd2f230000 - 0x00007ffd2f241000 	C:\WINDOWS\System32\kernel.appcore.dll
0x00007ffd2f1f0000 - 0x00007ffd2f20f000 	C:\WINDOWS\System32\profapi.dll
0x00007ffd2f250000 - 0x00007ffd2f29c000 	C:\WINDOWS\System32\powrprof.dll
0x00007ffd2f1e0000 - 0x00007ffd2f1ea000 	C:\WINDOWS\System32\FLTLIB.DLL
0x00007ffd2ebc0000 - 0x00007ffd2ebd7000 	C:\WINDOWS\SYSTEM32\CRYPTSP.dll
0x00007ffd2e5b0000 - 0x00007ffd2e5e3000 	C:\WINDOWS\system32\rsaenh.dll
0x00007ffd2ece0000 - 0x00007ffd2ed05000 	C:\WINDOWS\SYSTEM32\bcrypt.dll
0x00007ffd2f110000 - 0x00007ffd2f138000 	C:\WINDOWS\SYSTEM32\USERENV.dll
0x00007ffd2ebb0000 - 0x00007ffd2ebbb000 	C:\WINDOWS\SYSTEM32\CRYPTBASE.dll
0x00007ffd10f90000 - 0x00007ffd10faa000 	C:\Program Files\Java\jdk1.8.0_211\jre\bin\net.dll
0x00007ffd22ab0000 - 0x00007ffd22c7a000 	C:\WINDOWS\SYSTEM32\urlmon.dll
0x00007ffd23190000 - 0x00007ffd23437000 	C:\WINDOWS\SYSTEM32\iertutil.dll
0x00007ffd2ea00000 - 0x00007ffd2ea66000 	C:\WINDOWS\system32\mswsock.dll
0x00007ffd2e750000 - 0x00007ffd2e788000 	C:\WINDOWS\SYSTEM32\IPHLPAPI.DLL
0x00007ffd32c10000 - 0x00007ffd32c18000 	C:\WINDOWS\System32\NSI.dll
0x00007ffd28ad0000 - 0x00007ffd28ae6000 	C:\WINDOWS\SYSTEM32\dhcpcsvc6.DLL
0x00007ffd294e0000 - 0x00007ffd294fa000 	C:\WINDOWS\SYSTEM32\dhcpcsvc.DLL
0x00007ffd0c400000 - 0x00007ffd0c412000 	C:\Program Files\Java\jdk1.8.0_211\jre\bin\nio.dll
0x00007ffd2d190000 - 0x00007ffd2d19a000 	C:\Users\magos\AppData\Local\Temp\jansi-1.17-1833015880453737020.dll
0x00007ffd20d60000 - 0x00007ffd20d6a000 	C:\Users\magos\AppData\Local\Temp\jansi-1.17-2358017146807241751.dll

VM Arguments:
jvm_args: -Dmaven.home=EMBEDDED -Dclassworlds.conf=C:\Projetos\Workspaces\Desafio Java\.metadata\.plugins\org.eclipse.m2e.launching\launches\m2conf2883106847875412946.tmp -Dmaven.multiModuleProjectDirectory=C:\Projetos\Workspaces\Desafio Java\MapearEstados -Dfile.encoding=Cp1252 
java_command: org.codehaus.plexus.classworlds.launcher.Launcher -B install
java_class_path (initial): C:\Users\magos\Desktop\spring-tool-suite-3.9.8.RELEASE-e4.11.0-win32-x86_64\sts-bundle\sts-3.9.8.RELEASE\plugins\org.eclipse.m2e.maven.runtime_1.11.0.20190220-2117\jars\plexus-classworlds-2.5.2.jar
Launcher Type: SUN_STANDARD

Environment Variables:
JAVA_HOME=C:\Program Files\Java\jdk1.8.0_211
CLASSPATH=C:\Program Files\Java\jdk1.8.0_211\lib;C:\Program Files\Java\jdk1.8.0_211\lib\tools.jar;C:\Program Files\Java\jdk1.8.0_211\lib\dt.jar;
PATH=C:/Program Files/Java/jdk1.8.0_211/bin/../jre/bin/server;C:/Program Files/Java/jdk1.8.0_211/bin/../jre/bin;C:/Program Files/Java/jdk1.8.0_211/bin/../jre/lib/amd64;C:\Windows\system32;C:\Windows;C:\Windows\System32\Wbem;C:\Windows\System32\WindowsPowerShell\v1.0\;C:\Program Files (x86)\NVIDIA Corporation\PhysX\Common;C:\WINDOWS\system32;C:\WINDOWS;C:\WINDOWS\System32\Wbem;C:\WINDOWS\System32\WindowsPowerShell\v1.0\;C:\WINDOWS\System32\OpenSSH\;";C:\Program Files\Java\jdk1.8.0_211\bin";C:\Program Files\nodejs\;C:\Users\magos\AppData\Local\Microsoft\WindowsApps;C:\Users\magos\AppData\Local\Programs\Microsoft VS Code\bin;C:\Users\magos\AppData\Roaming\npm;C:\Users\magos\Desktop\spring-tool-suite-3.9.8.RELEASE-e4.11.0-win32-x86_64\sts-bundle\sts-3.9.8.RELEASE;
USERNAME=magos
OS=Windows_NT
PROCESSOR_IDENTIFIER=Intel64 Family 6 Model 142 Stepping 9, GenuineIntel



---------------  S Y S T E M  ---------------

OS: Windows 10.0 , 64 bit Build 17134 (10.0.17134.753)

CPU:total 4 (initial active 4) (2 cores per cpu, 2 threads per core) family 6 model 142 stepping 9, cmov, cx8, fxsr, mmx, sse, sse2, sse3, ssse3, sse4.1, sse4.2, popcnt, avx, avx2, aes, clmul, erms, 3dnowpref, lzcnt, ht, tsc, tscinvbit, bmi1, bmi2, adx

Memory: 4k page, physical 6097636k(364732k free), swap 6097636k(5208k free)

vm_info: Java HotSpot(TM) 64-Bit Server VM (25.211-b12) for windows-amd64 JRE (1.8.0_211-b12), built on Apr  1 2019 20:53:26 by "java_re" with MS VC++ 10.0 (VS2010)

time: Fri Dec 04 21:32:08 2020
timezone: Hora oficial do Brasil
elapsed time: 3 seconds (0d 0h 0m 3s)

