#
# There is insufficient memory for the Java Runtime Environment to continue.
# Native memory allocation (malloc) failed to allocate 32744 bytes for ChunkPool::allocate
# Possible reasons:
#   The system is out of physical RAM or swap space
#   The process is running with CompressedOops enabled, and the Java Heap may be blocking the growth of the native heap
# Possible solutions:
#   Reduce memory load on the system
#   Increase physical memory or swap space
#   Check if swap backing store is full
#   Decrease Java heap size (-Xmx/-Xms)
#   Decrease number of Java threads
#   Decrease Java thread stack sizes (-Xss)
#   Set larger code cache with -XX:ReservedCodeCacheSize=
#   JVM is running with Unscaled Compressed Oops mode in which the Java heap is
#     placed in the first 4GB address space. The Java Heap base address is the
#     maximum limit for the native heap growth. Please use -XX:HeapBaseMinAddress
#     to set the Java Heap base and to place the Java Heap above 4GB virtual address.
# This output file may be truncated or incomplete.
#
#  Out of Memory Error (allocation.cpp:272), pid=5880, tid=0x0000000000002134
#
# JRE version: Java(TM) SE Runtime Environment (8.0_211-b12) (build 1.8.0_211-b12)
# Java VM: Java HotSpot(TM) 64-Bit Server VM (25.211-b12 mixed mode windows-amd64 compressed oops)
# Failed to write core dump. Minidumps are not enabled by default on client versions of Windows
#

---------------  T H R E A D  ---------------

Current thread (0x0000000016010000):  JavaThread "C2 CompilerThread0" daemon [_thread_in_native, id=8500, stack(0x0000000017790000,0x0000000017890000)]

Stack: [0x0000000017790000,0x0000000017890000]
[error occurred during error reporting (printing stack bounds), id 0xc0000005]

Native frames: (J=compiled Java code, j=interpreted, Vv=VM code, C=native code)


Current CompileTask:
C2:   3646 3322   !   4       java.net.URLClassLoader$1::run (63 bytes)


---------------  P R O C E S S  ---------------

Java Threads: ( => current thread )
  0x0000000017897800 JavaThread "Service Thread" daemon [_thread_blocked, id=9164, stack(0x0000000017e90000,0x0000000017f90000)]
  0x000000001606e800 JavaThread "C1 CompilerThread2" daemon [_thread_blocked, id=6908, stack(0x0000000017d90000,0x0000000017e90000)]
  0x000000001606d800 JavaThread "C2 CompilerThread1" daemon [_thread_in_native, id=4960, stack(0x0000000017c90000,0x0000000017d90000)]
=>0x0000000016010000 JavaThread "C2 CompilerThread0" daemon [_thread_in_native, id=8500, stack(0x0000000017790000,0x0000000017890000)]
  0x000000001600c000 JavaThread "Attach Listener" daemon [_thread_blocked, id=10856, stack(0x0000000017690000,0x0000000017790000)]
  0x000000001600a800 JavaThread "Signal Dispatcher" daemon [_thread_blocked, id=4704, stack(0x0000000017590000,0x0000000017690000)]
  0x000000000283b800 JavaThread "Finalizer" daemon [_thread_blocked, id=11164, stack(0x0000000017280000,0x0000000017380000)]
  0x0000000015ffa000 JavaThread "Reference Handler" daemon [_thread_blocked, id=10344, stack(0x0000000017180000,0x0000000017280000)]
  0x0000000000a0e800 JavaThread "main" [_thread_in_vm, id=12280, stack(0x0000000002570000,0x0000000002670000)]

Other Threads:
  0x0000000015fd8000 VMThread [stack: 0x0000000017080000,0x0000000017180000] [id=7820]
  0x00000000178a9800 WatcherThread [stack: 0x0000000017f90000,0x0000000018090000] [id=7956]

VM state:not at safepoint (normal execution)

VM Mutex/Monitor currently owned by a thread: None

OutOfMemory and StackOverflow Exception counts:
OutOfMemoryError java_heap_errors=1

heap address: 0x00000000a2e00000, size: 1490 MB, Compressed Oops mode: 32-bit
Narrow klass base: 0x0000000000000000, Narrow klass shift: 3
Compressed class space size: 1073741824 Address: 0x0000000100000000

Heap:
 PSYoungGen      total 52736K, used 36472K [0x00000000e0f80000, 0x00000000e4680000, 0x0000000100000000)
  eden space 49152K, 74% used [0x00000000e0f80000,0x00000000e331e248,0x00000000e3f80000)
  from space 3584K, 0% used [0x00000000e4300000,0x00000000e4300000,0x00000000e4680000)
  to   space 3584K, 0% used [0x00000000e3f80000,0x00000000e3f80000,0x00000000e4300000)
 ParOldGen       total 66048K, used 21763K [0x00000000a2e00000, 0x00000000a6e80000, 0x00000000e0f80000)
  object space 66048K, 32% used [0x00000000a2e00000,0x00000000a4340c60,0x00000000a6e80000)
 Metaspace       used 21289K, capacity 21826K, committed 22192K, reserved 1069056K
  class space    used 2560K, capacity 2713K, committed 2816K, reserved 1048576K

Card table byte_map: [0x0000000011c00000,0x0000000011ef0000] byte_map_base: 0x00000000116e9000

Marking Bits: (ParMarkBitMap*) 0x0000000076d55ce0
 Begin Bits: [0x00000000124f0000, 0x0000000013c38000)
 End Bits:   [0x0000000013c38000, 0x0000000015380000)

Polling page: 0x00000000009d0000

CodeCache: size=245760Kb used=11018Kb max_used=11018Kb free=234741Kb
 bounds [0x0000000002840000, 0x0000000003310000, 0x0000000011840000]
 total_blobs=3751 nmethods=3350 adapters=313
 compilation: enabled

Compilation events (10 events):
Event: 3.588 Thread 0x000000001606e800 3364       3       sun.nio.cs.UTF_8$Encoder::implReplaceWith (8 bytes)
Event: 3.588 Thread 0x000000001606e800 nmethod 3364 0x0000000003309350 code [0x00000000033094a0, 0x0000000003309630]
Event: 3.590 Thread 0x000000001606e800 3365       3       java.util.zip.ZipCoder::get (9 bytes)
Event: 3.590 Thread 0x000000001606e800 nmethod 3365 0x0000000003309710 code [0x00000000033098a0, 0x0000000003309d08]
Event: 3.591 Thread 0x000000001606e800 3366       3       java.util.jar.JarFile::<init> (12 bytes)
Event: 3.591 Thread 0x000000001606e800 nmethod 3366 0x0000000003309ed0 code [0x000000000330a040, 0x000000000330a248]
Event: 3.592 Thread 0x000000001606e800 3368       3       sun.misc.PerfCounter::getZipFileOpenTime (4 bytes)
Event: 3.592 Thread 0x000000001606e800 nmethod 3368 0x000000000330a6d0 code [0x000000000330a820, 0x000000000330a950]
Event: 3.592 Thread 0x000000001606e800 3369       3       sun.misc.PerfCounter::getZipFileCount (4 bytes)
Event: 3.592 Thread 0x000000001606e800 nmethod 3369 0x000000000330a9d0 code [0x000000000330ab20, 0x000000000330ac50]

GC Heap History (10 events):
Event: 2.027 GC heap before
{Heap before GC invocations=5 (full 0):
 PSYoungGen      total 52736K, used 52704K [0x00000000e0f80000, 0x00000000e4680000, 0x0000000100000000)
  eden space 49152K, 100% used [0x00000000e0f80000,0x00000000e3f80000,0x00000000e3f80000)
  from space 3584K, 99% used [0x00000000e4300000,0x00000000e4678020,0x00000000e4680000)
  to   space 3584K, 0% used [0x00000000e3f80000,0x00000000e3f80000,0x00000000e4300000)
 ParOldGen       total 64512K, used 7805K [0x00000000a2e00000, 0x00000000a6d00000, 0x00000000e0f80000)
  object space 64512K, 12% used [0x00000000a2e00000,0x00000000a359f7c8,0x00000000a6d00000)
 Metaspace       used 15504K, capacity 15802K, committed 16128K, reserved 1062912K
  class space    used 1863K, capacity 1945K, committed 2048K, reserved 1048576K
Event: 2.037 GC heap after
Heap after GC invocations=5 (full 0):
 PSYoungGen      total 52736K, used 3552K [0x00000000e0f80000, 0x00000000e4680000, 0x0000000100000000)
  eden space 49152K, 0% used [0x00000000e0f80000,0x00000000e0f80000,0x00000000e3f80000)
  from space 3584K, 99% used [0x00000000e3f80000,0x00000000e42f8040,0x00000000e4300000)
  to   space 3584K, 0% used [0x00000000e4300000,0x00000000e4300000,0x00000000e4680000)
 ParOldGen       total 64512K, used 14111K [0x00000000a2e00000, 0x00000000a6d00000, 0x00000000e0f80000)
  object space 64512K, 21% used [0x00000000a2e00000,0x00000000a3bc7c58,0x00000000a6d00000)
 Metaspace       used 15504K, capacity 15802K, committed 16128K, reserved 1062912K
  class space    used 1863K, capacity 1945K, committed 2048K, reserved 1048576K
}
Event: 2.263 GC heap before
{Heap before GC invocations=6 (full 0):
 PSYoungGen      total 52736K, used 52704K [0x00000000e0f80000, 0x00000000e4680000, 0x0000000100000000)
  eden space 49152K, 100% used [0x00000000e0f80000,0x00000000e3f80000,0x00000000e3f80000)
  from space 3584K, 99% used [0x00000000e3f80000,0x00000000e42f8040,0x00000000e4300000)
  to   space 3584K, 0% used [0x00000000e4300000,0x00000000e4300000,0x00000000e4680000)
 ParOldGen       total 64512K, used 14111K [0x00000000a2e00000, 0x00000000a6d00000, 0x00000000e0f80000)
  object space 64512K, 21% used [0x00000000a2e00000,0x00000000a3bc7c58,0x00000000a6d00000)
 Metaspace       used 15758K, capacity 16044K, committed 16384K, reserved 1062912K
  class space    used 1875K, capacity 1980K, committed 2048K, reserved 1048576K
Event: 2.275 GC heap after
Heap after GC invocations=6 (full 0):
 PSYoungGen      total 52736K, used 3552K [0x00000000e0f80000, 0x00000000e4680000, 0x0000000100000000)
  eden space 49152K, 0% used [0x00000000e0f80000,0x00000000e0f80000,0x00000000e3f80000)
  from space 3584K, 99% used [0x00000000e4300000,0x00000000e4678020,0x00000000e4680000)
  to   space 3584K, 0% used [0x00000000e3f80000,0x00000000e3f80000,0x00000000e4300000)
 ParOldGen       total 64512K, used 19141K [0x00000000a2e00000, 0x00000000a6d00000, 0x00000000e0f80000)
  object space 64512K, 29% used [0x00000000a2e00000,0x00000000a40b1728,0x00000000a6d00000)
 Metaspace       used 15758K, capacity 16044K, committed 16384K, reserved 1062912K
  class space    used 1875K, capacity 1980K, committed 2048K, reserved 1048576K
}
Event: 2.697 GC heap before
{Heap before GC invocations=7 (full 0):
 PSYoungGen      total 52736K, used 52704K [0x00000000e0f80000, 0x00000000e4680000, 0x0000000100000000)
  eden space 49152K, 100% used [0x00000000e0f80000,0x00000000e3f80000,0x00000000e3f80000)
  from space 3584K, 99% used [0x00000000e4300000,0x00000000e4678020,0x00000000e4680000)
  to   space 3584K, 0% used [0x00000000e3f80000,0x00000000e3f80000,0x00000000e4300000)
 ParOldGen       total 64512K, used 19141K [0x00000000a2e00000, 0x00000000a6d00000, 0x00000000e0f80000)
  object space 64512K, 29% used [0x00000000a2e00000,0x00000000a40b1728,0x00000000a6d00000)
 Metaspace       used 16516K, capacity 16860K, committed 17024K, reserved 1064960K
  class space    used 1939K, capacity 2056K, committed 2176K, reserved 1048576K
Event: 2.708 GC heap after
Heap after GC invocations=7 (full 0):
 PSYoungGen      total 52736K, used 3568K [0x00000000e0f80000, 0x00000000e4680000, 0x0000000100000000)
  eden space 49152K, 0% used [0x00000000e0f80000,0x00000000e0f80000,0x00000000e3f80000)
  from space 3584K, 99% used [0x00000000e3f80000,0x00000000e42fc010,0x00000000e4300000)
  to   space 3584K, 0% used [0x00000000e4300000,0x00000000e4300000,0x00000000e4680000)
 ParOldGen       total 64512K, used 23077K [0x00000000a2e00000, 0x00000000a6d00000, 0x00000000e0f80000)
  object space 64512K, 35% used [0x00000000a2e00000,0x00000000a4489558,0x00000000a6d00000)
 Metaspace       used 16516K, capacity 16860K, committed 17024K, reserved 1064960K
  class space    used 1939K, capacity 2056K, committed 2176K, reserved 1048576K
}
Event: 3.409 GC heap before
{Heap before GC invocations=8 (full 0):
 PSYoungGen      total 52736K, used 39908K [0x00000000e0f80000, 0x00000000e4680000, 0x0000000100000000)
  eden space 49152K, 73% used [0x00000000e0f80000,0x00000000e32fd138,0x00000000e3f80000)
  from space 3584K, 99% used [0x00000000e3f80000,0x00000000e42fc010,0x00000000e4300000)
  to   space 3584K, 0% used [0x00000000e4300000,0x00000000e4300000,0x00000000e4680000)
 ParOldGen       total 64512K, used 23077K [0x00000000a2e00000, 0x00000000a6d00000, 0x00000000e0f80000)
  object space 64512K, 35% used [0x00000000a2e00000,0x00000000a4489558,0x00000000a6d00000)
 Metaspace       used 20632K, capacity 21090K, committed 21296K, reserved 1069056K
  class space    used 2487K, capacity 2617K, committed 2688K, reserved 1048576K
Event: 3.419 GC heap after
Heap after GC invocations=8 (full 0):
 PSYoungGen      total 52736K, used 3584K [0x00000000e0f80000, 0x00000000e4680000, 0x0000000100000000)
  eden space 49152K, 0% used [0x00000000e0f80000,0x00000000e0f80000,0x00000000e3f80000)
  from space 3584K, 100% used [0x00000000e4300000,0x00000000e4680000,0x00000000e4680000)
  to   space 3584K, 0% used [0x00000000e3f80000,0x00000000e3f80000,0x00000000e4300000)
 ParOldGen       total 64512K, used 26384K [0x00000000a2e00000, 0x00000000a6d00000, 0x00000000e0f80000)
  object space 64512K, 40% used [0x00000000a2e00000,0x00000000a47c4158,0x00000000a6d00000)
 Metaspace       used 20632K, capacity 21090K, committed 21296K, reserved 1069056K
  class space    used 2487K, capacity 2617K, committed 2688K, reserved 1048576K
}
Event: 3.419 GC heap before
{Heap before GC invocations=9 (full 1):
 PSYoungGen      total 52736K, used 3584K [0x00000000e0f80000, 0x00000000e4680000, 0x0000000100000000)
  eden space 49152K, 0% used [0x00000000e0f80000,0x00000000e0f80000,0x00000000e3f80000)
  from space 3584K, 100% used [0x00000000e4300000,0x00000000e4680000,0x00000000e4680000)
  to   space 3584K, 0% used [0x00000000e3f80000,0x00000000e3f80000,0x00000000e4300000)
 ParOldGen       total 64512K, used 26384K [0x00000000a2e00000, 0x00000000a6d00000, 0x00000000e0f80000)
  object space 64512K, 40% used [0x00000000a2e00000,0x00000000a47c4158,0x00000000a6d00000)
 Metaspace       used 20632K, capacity 21090K, committed 21296K, reserved 1069056K
  class space    used 2487K, capacity 2617K, committed 2688K, reserved 1048576K
Event: 3.503 GC heap after
Heap after GC invocations=9 (full 1):
 PSYoungGen      total 52736K, used 0K [0x00000000e0f80000, 0x00000000e4680000, 0x0000000100000000)
  eden space 49152K, 0% used [0x00000000e0f80000,0x00000000e0f80000,0x00000000e3f80000)
  from space 3584K, 0% used [0x00000000e4300000,0x00000000e4300000,0x00000000e4680000)
  to   space 3584K, 0% used [0x00000000e3f80000,0x00000000e3f80000,0x00000000e4300000)
 ParOldGen       total 66048K, used 21763K [0x00000000a2e00000, 0x00000000a6e80000, 0x00000000e0f80000)
  object space 66048K, 32% used [0x00000000a2e00000,0x00000000a4340c60,0x00000000a6e80000)
 Metaspace       used 20632K, capacity 21090K, committed 21296K, reserved 1069056K
  class space    used 2487K, capacity 2617K, committed 2688K, reserved 1048576K
}

Deoptimization events (10 events):
Event: 2.696 Thread 0x0000000000a0e800 Uncommon trap: reason=bimorphic action=maybe_recompile pc=0x0000000002e9b254 method=java.util.regex.Pattern$CharProperty.match(Ljava/util/regex/Matcher;ILjava/lang/CharSequence;)Z @ 37
Event: 2.752 Thread 0x0000000000a0e800 Uncommon trap: reason=unstable_if action=reinterpret pc=0x0000000002961908 method=java.net.URI.match(CJJ)Z @ 19
Event: 2.991 Thread 0x0000000000a0e800 Uncommon trap: reason=bimorphic action=maybe_recompile pc=0x0000000002dcdddc method=java.util.concurrent.ConcurrentHashMap.get(Ljava/lang/Object;)Ljava/lang/Object; @ 149
Event: 2.994 Thread 0x0000000000a0e800 Uncommon trap: reason=bimorphic action=maybe_recompile pc=0x0000000002dcdddc method=java.util.concurrent.ConcurrentHashMap.get(Ljava/lang/Object;)Ljava/lang/Object; @ 149
Event: 2.996 Thread 0x0000000000a0e800 Uncommon trap: reason=bimorphic action=maybe_recompile pc=0x0000000002dcdddc method=java.util.concurrent.ConcurrentHashMap.get(Ljava/lang/Object;)Ljava/lang/Object; @ 149
Event: 3.083 Thread 0x0000000000a0e800 Uncommon trap: reason=unstable_if action=reinterpret pc=0x0000000002fd7324 method=org.eclipse.sisu.plexus.RealmFilteredBeans$FilteredItr.hasNext()Z @ 44
Event: 3.083 Thread 0x0000000000a0e800 Uncommon trap: reason=bimorphic action=maybe_recompile pc=0x000000000302621c method=org.eclipse.sisu.inject.Guice4.getDeclaringSource(Lcom/google/inject/Binding;)Ljava/lang/Object; @ 1
Event: 3.130 Thread 0x0000000000a0e800 Uncommon trap: reason=bimorphic action=maybe_recompile pc=0x0000000002e9b254 method=java.util.regex.Pattern$CharProperty.match(Ljava/util/regex/Matcher;ILjava/lang/CharSequence;)Z @ 37
Event: 3.135 Thread 0x0000000000a0e800 Uncommon trap: reason=unstable_if action=reinterpret pc=0x000000000327c888 method=com.google.inject.internal.InjectorImpl.callInContext(Lcom/google/inject/internal/ContextualCallable;)Ljava/lang/Object; @ 161
Event: 3.229 Thread 0x0000000000a0e800 Uncommon trap: reason=unstable_if action=reinterpret pc=0x00000000030be9c8 method=java.nio.charset.CharsetDecoder.decode(Ljava/nio/ByteBuffer;Ljava/nio/CharBuffer;Z)Ljava/nio/charset/CoderResult; @ 1

Classes redefined (0 events):
No events

Internal exceptions (10 events):
Event: 1.471 Thread 0x0000000000a0e800 Implicit null exception at 0x0000000002ad1f96 to 0x0000000002ad2331
Event: 1.471 Thread 0x0000000000a0e800 Implicit null exception at 0x0000000002a1e216 to 0x0000000002a1e5ad
Event: 1.592 Thread 0x0000000000a0e800 Implicit null exception at 0x0000000002dfa8b7 to 0x0000000002dfab01
Event: 1.952 Thread 0x0000000000a0e800 Implicit null exception at 0x0000000002c17115 to 0x0000000002c172e5
Event: 1.952 Thread 0x0000000000a0e800 Implicit null exception at 0x0000000002c32faf to 0x0000000002c33019
Event: 1.959 Thread 0x0000000000a0e800 Implicit null exception at 0x0000000002fde7b7 to 0x0000000002fdea01
Event: 2.510 Thread 0x0000000000a0e800 Implicit null exception at 0x000000000316e161 to 0x000000000317037d
Event: 3.135 Thread 0x0000000000a0e800 Implicit null exception at 0x000000000327a6a6 to 0x000000000327c871
Event: 3.228 Thread 0x0000000000a0e800 Exception <a 'java/lang/ClassNotFoundException': com/sun/tools/javac/api/JavacTool> (0x00000000e2910380) thrown at [C:\re\workspace\8-2-build-windows-amd64-cygwin\jdk8u211\12973\hotspot\src\share\vm\classfile\systemDictionary.cpp, line 210]
Event: 3.602 Thread 0x0000000000a0e800 Exception <a 'java/lang/OutOfMemoryError'> (0x00000000e326cfd0) thrown at [C:\re\workspace\8-2-build-windows-amd64-cygwin\jdk8u211\12973\hotspot\src\share\vm\prims\jni.cpp, line 736]

Events (10 events):
Event: 3.543 Executing VM operation: Deoptimize
Event: 3.543 Executing VM operation: Deoptimize done
Event: 3.543 loading class com/sun/tools/javac/util/ListBuffer$1
Event: 3.543 loading class com/sun/tools/javac/util/ListBuffer$1 done
Event: 3.544 loading class com/sun/tools/javac/util/StringUtils
Event: 3.544 loading class com/sun/tools/javac/util/StringUtils done
Event: 3.602 loading class java/util/zip/DataFormatException
Event: 3.602 loading class java/util/zip/DataFormatException done
Event: 3.602 loading class com/sun/tools/javac/util/Log$PrefixKind
Event: 3.602 loading class com/sun/tools/javac/util/Log$PrefixKind done


Dynamic libraries:
0x00007ff7a7d40000 - 0x00007ff7a7d77000 	C:\Program Files\Java\jdk1.8.0_211\bin\javaw.exe
0x00007ffd32ef0000 - 0x00007ffd330d1000 	C:\WINDOWS\SYSTEM32\ntdll.dll
0x00007ffd32650000 - 0x00007ffd32701000 	C:\WINDOWS\System32\KERNEL32.DLL
0x00007ffd2fba0000 - 0x00007ffd2fe13000 	C:\WINDOWS\System32\KERNELBASE.dll
0x00007ffd328e0000 - 0x00007ffd32981000 	C:\WINDOWS\System32\ADVAPI32.dll
0x00007ffd319e0000 - 0x00007ffd31a7e000 	C:\WINDOWS\System32\msvcrt.dll
0x00007ffd32410000 - 0x00007ffd3246b000 	C:\WINDOWS\System32\sechost.dll
0x00007ffd318b0000 - 0x00007ffd319d4000 	C:\WINDOWS\System32\RPCRT4.dll
0x00007ffd32c80000 - 0x00007ffd32e11000 	C:\WINDOWS\System32\USER32.dll
0x00007ffd2fe20000 - 0x00007ffd2fe40000 	C:\WINDOWS\System32\win32u.dll
0x00007ffd327c0000 - 0x00007ffd327e8000 	C:\WINDOWS\System32\GDI32.dll
0x00007ffd2fa00000 - 0x00007ffd2fb91000 	C:\WINDOWS\System32\gdi32full.dll
0x00007ffd2fea0000 - 0x00007ffd2ff3f000 	C:\WINDOWS\System32\msvcp_win.dll
0x00007ffd301b0000 - 0x00007ffd302a8000 	C:\WINDOWS\System32\ucrtbase.dll
0x00007ffd1e380000 - 0x00007ffd1e5e9000 	C:\WINDOWS\WinSxS\amd64_microsoft.windows.common-controls_6595b64144ccf1df_6.0.17134.1184_none_d403e8b37c8ca406\COMCTL32.dll
0x00007ffd320e0000 - 0x00007ffd32401000 	C:\WINDOWS\System32\combase.dll
0x00007ffd2ff40000 - 0x00007ffd2ffb9000 	C:\WINDOWS\System32\bcryptPrimitives.dll
0x00007ffd329f0000 - 0x00007ffd32a1d000 	C:\WINDOWS\System32\IMM32.DLL
0x0000000076450000 - 0x0000000076522000 	C:\Program Files\Java\jdk1.8.0_211\jre\bin\msvcr100.dll
0x0000000076530000 - 0x0000000076dd5000 	C:\Program Files\Java\jdk1.8.0_211\jre\bin\server\jvm.dll
0x00007ffd30430000 - 0x00007ffd30438000 	C:\WINDOWS\System32\PSAPI.DLL
0x00007ffd217f0000 - 0x00007ffd217f9000 	C:\WINDOWS\SYSTEM32\WSOCK32.dll
0x00007ffd32070000 - 0x00007ffd320dc000 	C:\WINDOWS\System32\WS2_32.dll
0x00007ffd2d060000 - 0x00007ffd2d083000 	C:\WINDOWS\SYSTEM32\WINMM.dll
0x00007ffd2b8f0000 - 0x00007ffd2b8fa000 	C:\WINDOWS\SYSTEM32\VERSION.dll
0x00007ffd2d000000 - 0x00007ffd2d02a000 	C:\WINDOWS\SYSTEM32\WINMMBASE.dll
0x00007ffd2f9b0000 - 0x00007ffd2f9f9000 	C:\WINDOWS\System32\cfgmgr32.dll
0x00007ffd20d70000 - 0x00007ffd20d7f000 	C:\Program Files\Java\jdk1.8.0_211\jre\bin\verify.dll
0x00007ffd0c420000 - 0x00007ffd0c449000 	C:\Program Files\Java\jdk1.8.0_211\jre\bin\java.dll
0x00007ffd142b0000 - 0x00007ffd142c6000 	C:\Program Files\Java\jdk1.8.0_211\jre\bin\zip.dll
0x00007ffd30440000 - 0x00007ffd31885000 	C:\WINDOWS\System32\SHELL32.dll
0x00007ffd32710000 - 0x00007ffd327b9000 	C:\WINDOWS\System32\shcore.dll
0x00007ffd2f2a0000 - 0x00007ffd2f9b0000 	C:\WINDOWS\System32\windows.storage.dll
0x00007ffd32c20000 - 0x00007ffd32c71000 	C:\WINDOWS\System32\shlwapi.dll
0x00007ffd2f230000 - 0x00007ffd2f241000 	C:\WINDOWS\System32\kernel.appcore.dll
0x00007ffd2f1f0000 - 0x00007ffd2f20f000 	C:\WINDOWS\System32\profapi.dll
0x00007ffd2f250000 - 0x00007ffd2f29c000 	C:\WINDOWS\System32\powrprof.dll
0x00007ffd2f1e0000 - 0x00007ffd2f1ea000 	C:\WINDOWS\System32\FLTLIB.DLL
0x00007ffd2ebc0000 - 0x00007ffd2ebd7000 	C:\WINDOWS\SYSTEM32\CRYPTSP.dll
0x00007ffd2e5b0000 - 0x00007ffd2e5e3000 	C:\WINDOWS\system32\rsaenh.dll
0x00007ffd2ece0000 - 0x00007ffd2ed05000 	C:\WINDOWS\SYSTEM32\bcrypt.dll
0x00007ffd2f110000 - 0x00007ffd2f138000 	C:\WINDOWS\SYSTEM32\USERENV.dll
0x00007ffd2ebb0000 - 0x00007ffd2ebbb000 	C:\WINDOWS\SYSTEM32\CRYPTBASE.dll
0x00007ffd10f90000 - 0x00007ffd10faa000 	C:\Program Files\Java\jdk1.8.0_211\jre\bin\net.dll
0x00007ffd22ab0000 - 0x00007ffd22c7a000 	C:\WINDOWS\SYSTEM32\urlmon.dll
0x00007ffd23190000 - 0x00007ffd23437000 	C:\WINDOWS\SYSTEM32\iertutil.dll
0x00007ffd2ea00000 - 0x00007ffd2ea66000 	C:\WINDOWS\system32\mswsock.dll
0x00007ffd2e750000 - 0x00007ffd2e788000 	C:\WINDOWS\SYSTEM32\IPHLPAPI.DLL
0x00007ffd32c10000 - 0x00007ffd32c18000 	C:\WINDOWS\System32\NSI.dll
0x00007ffd28ad0000 - 0x00007ffd28ae6000 	C:\WINDOWS\SYSTEM32\dhcpcsvc6.DLL
0x00007ffd294e0000 - 0x00007ffd294fa000 	C:\WINDOWS\SYSTEM32\dhcpcsvc.DLL
0x00007ffd0c400000 - 0x00007ffd0c412000 	C:\Program Files\Java\jdk1.8.0_211\jre\bin\nio.dll
0x00007ffd20d60000 - 0x00007ffd20d6a000 	C:\Users\magos\AppData\Local\Temp\jansi-1.17-1908774151858031126.dll
0x00007ffd1ee00000 - 0x00007ffd1ee0a000 	C:\Users\magos\AppData\Local\Temp\jansi-1.17-7672771057337342688.dll

VM Arguments:
jvm_args: -Dmaven.home=EMBEDDED -Dclassworlds.conf=C:\Projetos\Workspaces\Desafio Java\.metadata\.plugins\org.eclipse.m2e.launching\launches\m2conf3986264467038249887.tmp -Dmaven.multiModuleProjectDirectory=C:\Projetos\Workspaces\Desafio Java\MapearEstados -Dfile.encoding=Cp1252 
java_command: org.codehaus.plexus.classworlds.launcher.Launcher -B install
java_class_path (initial): C:\Users\magos\Desktop\spring-tool-suite-3.9.8.RELEASE-e4.11.0-win32-x86_64\sts-bundle\sts-3.9.8.RELEASE\plugins\org.eclipse.m2e.maven.runtime_1.11.0.20190220-2117\jars\plexus-classworlds-2.5.2.jar
Launcher Type: SUN_STANDARD

Environment Variables:
JAVA_HOME=C:\Program Files\Java\jdk1.8.0_211
CLASSPATH=C:\Program Files\Java\jdk1.8.0_211\lib;C:\Program Files\Java\jdk1.8.0_211\lib\tools.jar;C:\Program Files\Java\jdk1.8.0_211\lib\dt.jar;
PATH=C:/Program Files/Java/jdk1.8.0_211/bin/../jre/bin/server;C:/Program Files/Java/jdk1.8.0_211/bin/../jre/bin;C:/Program Files/Java/jdk1.8.0_211/bin/../jre/lib/amd64;C:\Windows\system32;C:\Windows;C:\Windows\System32\Wbem;C:\Windows\System32\WindowsPowerShell\v1.0\;C:\Program Files (x86)\NVIDIA Corporation\PhysX\Common;C:\WINDOWS\system32;C:\WINDOWS;C:\WINDOWS\System32\Wbem;C:\WINDOWS\System32\WindowsPowerShell\v1.0\;C:\WINDOWS\System32\OpenSSH\;";C:\Program Files\Java\jdk1.8.0_211\bin";C:\Program Files\nodejs\;C:\Users\magos\AppData\Local\Microsoft\WindowsApps;C:\Users\magos\AppData\Local\Programs\Microsoft VS Code\bin;C:\Users\magos\AppData\Roaming\npm;C:\Users\magos\Desktop\spring-tool-suite-3.9.8.RELEASE-e4.11.0-win32-x86_64\sts-bundle\sts-3.9.8.RELEASE;
USERNAME=magos
OS=Windows_NT
PROCESSOR_IDENTIFIER=Intel64 Family 6 Model 142 Stepping 9, GenuineIntel



---------------  S Y S T E M  ---------------

OS: Windows 10.0 , 64 bit Build 17134 (10.0.17134.753)

CPU:total 4 (initial active 4) (2 cores per cpu, 2 threads per core) family 6 model 142 stepping 9, cmov, cx8, fxsr, mmx, sse, sse2, sse3, ssse3, sse4.1, sse4.2, popcnt, avx, avx2, aes, clmul, erms, 3dnowpref, lzcnt, ht, tsc, tscinvbit, bmi1, bmi2, adx

Memory: 4k page, physical 6097636k(363840k free), swap 6097636k(4128k free)

vm_info: Java HotSpot(TM) 64-Bit Server VM (25.211-b12) for windows-amd64 JRE (1.8.0_211-b12), built on Apr  1 2019 20:53:26 by "java_re" with MS VC++ 10.0 (VS2010)

time: Fri Dec 04 21:31:30 2020
timezone: Hora oficial do Brasil
elapsed time: 3 seconds (0d 0h 0m 3s)

